{"C:\\Users\\Administrator\\Desktop\\tdd-study\\controllers\\product.controller.js": {"path":"C:\\Users\\Administrator\\Desktop\\tdd-study\\controllers\\product.controller.js","statementMap":{"0":{"start":{"line":1,"column":16},"end":{"line":1,"column":44}},"1":{"start":{"line":3,"column":22},"end":{"line":11,"column":1}},"2":{"start":{"line":4,"column":2},"end":{"line":10,"column":3}},"3":{"start":{"line":5,"column":27},"end":{"line":5,"column":57}},"4":{"start":{"line":7,"column":4},"end":{"line":7,"column":41}},"5":{"start":{"line":9,"column":4},"end":{"line":9,"column":16}},"6":{"start":{"line":13,"column":20},"end":{"line":21,"column":1}},"7":{"start":{"line":14,"column":2},"end":{"line":20,"column":3}},"8":{"start":{"line":15,"column":24},"end":{"line":15,"column":46}},"9":{"start":{"line":17,"column":4},"end":{"line":17,"column":38}},"10":{"start":{"line":19,"column":4},"end":{"line":19,"column":16}},"11":{"start":{"line":23,"column":23},"end":{"line":32,"column":1}},"12":{"start":{"line":24,"column":2},"end":{"line":31,"column":3}},"13":{"start":{"line":25,"column":20},"end":{"line":25,"column":64}},"14":{"start":{"line":27,"column":4},"end":{"line":28,"column":32}},"15":{"start":{"line":27,"column":17},"end":{"line":27,"column":47}},"16":{"start":{"line":28,"column":9},"end":{"line":28,"column":32}},"17":{"start":{"line":30,"column":4},"end":{"line":30,"column":16}},"18":{"start":{"line":34,"column":22},"end":{"line":43,"column":1}},"19":{"start":{"line":35,"column":2},"end":{"line":42,"column":3}},"20":{"start":{"line":36,"column":25},"end":{"line":36,"column":103}},"21":{"start":{"line":38,"column":4},"end":{"line":39,"column":32}},"22":{"start":{"line":38,"column":24},"end":{"line":38,"column":61}},"23":{"start":{"line":39,"column":9},"end":{"line":39,"column":32}},"24":{"start":{"line":41,"column":4},"end":{"line":41,"column":16}},"25":{"start":{"line":45,"column":22},"end":{"line":54,"column":1}},"26":{"start":{"line":46,"column":2},"end":{"line":53,"column":3}},"27":{"start":{"line":47,"column":25},"end":{"line":47,"column":78}},"28":{"start":{"line":49,"column":4},"end":{"line":50,"column":32}},"29":{"start":{"line":49,"column":24},"end":{"line":49,"column":61}},"30":{"start":{"line":50,"column":9},"end":{"line":50,"column":32}},"31":{"start":{"line":52,"column":4},"end":{"line":52,"column":16}},"32":{"start":{"line":56,"column":0},"end":{"line":56,"column":94}}},"fnMap":{"0":{"name":"(anonymous_0)","decl":{"start":{"line":3,"column":22},"end":{"line":3,"column":23}},"loc":{"start":{"line":3,"column":48},"end":{"line":11,"column":1}},"line":3},"1":{"name":"(anonymous_1)","decl":{"start":{"line":13,"column":20},"end":{"line":13,"column":21}},"loc":{"start":{"line":13,"column":46},"end":{"line":21,"column":1}},"line":13},"2":{"name":"(anonymous_2)","decl":{"start":{"line":23,"column":23},"end":{"line":23,"column":24}},"loc":{"start":{"line":23,"column":49},"end":{"line":32,"column":1}},"line":23},"3":{"name":"(anonymous_3)","decl":{"start":{"line":34,"column":22},"end":{"line":34,"column":23}},"loc":{"start":{"line":34,"column":48},"end":{"line":43,"column":1}},"line":34},"4":{"name":"(anonymous_4)","decl":{"start":{"line":45,"column":22},"end":{"line":45,"column":23}},"loc":{"start":{"line":45,"column":48},"end":{"line":54,"column":1}},"line":45}},"branchMap":{"0":{"loc":{"start":{"line":27,"column":4},"end":{"line":28,"column":32}},"type":"if","locations":[{"start":{"line":27,"column":4},"end":{"line":28,"column":32}},{"start":{"line":28,"column":9},"end":{"line":28,"column":32}}],"line":27},"1":{"loc":{"start":{"line":38,"column":4},"end":{"line":39,"column":32}},"type":"if","locations":[{"start":{"line":38,"column":4},"end":{"line":39,"column":32}},{"start":{"line":39,"column":9},"end":{"line":39,"column":32}}],"line":38},"2":{"loc":{"start":{"line":49,"column":4},"end":{"line":50,"column":32}},"type":"if","locations":[{"start":{"line":49,"column":4},"end":{"line":50,"column":32}},{"start":{"line":50,"column":9},"end":{"line":50,"column":32}}],"line":49}},"s":{"0":1,"1":1,"2":4,"3":4,"4":3,"5":1,"6":1,"7":1,"8":1,"9":1,"10":0,"11":1,"12":0,"13":0,"14":0,"15":0,"16":0,"17":0,"18":1,"19":0,"20":0,"21":0,"22":0,"23":0,"24":0,"25":1,"26":0,"27":0,"28":0,"29":0,"30":0,"31":0,"32":1},"f":{"0":4,"1":1,"2":0,"3":0,"4":0},"b":{"0":[0,0],"1":[0,0],"2":[0,0]},"_coverageSchema":"1a1c01bbd47fc00a2c39e90264f33305004495a9","hash":"e9d48c51f5ec99fefba2fbd4fb836926545c2194"}
,"C:\\Users\\Administrator\\Desktop\\tdd-study\\models\\Product.js": {"path":"C:\\Users\\Administrator\\Desktop\\tdd-study\\models\\Product.js","statementMap":{"0":{"start":{"line":1,"column":17},"end":{"line":1,"column":36}},"1":{"start":{"line":3,"column":22},"end":{"line":7,"column":2}},"2":{"start":{"line":9,"column":16},"end":{"line":9,"column":56}},"3":{"start":{"line":11,"column":0},"end":{"line":11,"column":25}}},"fnMap":{},"branchMap":{},"s":{"0":1,"1":1,"2":1,"3":1},"f":{},"b":{},"_coverageSchema":"1a1c01bbd47fc00a2c39e90264f33305004495a9","hash":"d7674db511590ee16f25381c1017dc024f99a844"}
}
