TN:
SF:server.js
FN:12,(anonymous_0)
FN:13,(anonymous_1)
FN:19,(anonymous_2)
FN:23,(anonymous_3)
FNF:4
FNH:2
FNDA:1,(anonymous_0)
FNDA:0,(anonymous_1)
FNDA:0,(anonymous_2)
FNDA:1,(anonymous_3)
DA:1,1
DA:2,1
DA:3,1
DA:4,1
DA:6,1
DA:8,1
DA:10,1
DA:12,1
DA:13,0
DA:15,1
DA:17,1
DA:19,1
DA:20,0
DA:23,1
DA:24,1
DA:30,1
LF:16
LH:14
BRF:0
BRH:0
end_of_record
TN:
SF:controllers/product.controller.js
FN:3,(anonymous_0)
FN:13,(anonymous_1)
FN:23,(anonymous_2)
FN:34,(anonymous_3)
FN:45,(anonymous_4)
FNF:5
FNH:5
FNDA:6,(anonymous_0)
FNDA:5,(anonymous_1)
FNDA:6,(anonymous_2)
FNDA:6,(anonymous_3)
FNDA:5,(anonymous_4)
DA:1,2
DA:3,2
DA:4,6
DA:5,6
DA:7,4
DA:9,2
DA:13,2
DA:14,5
DA:15,5
DA:17,4
DA:19,1
DA:23,2
DA:24,6
DA:25,6
DA:27,5
DA:28,3
DA:30,1
DA:34,2
DA:35,6
DA:36,6
DA:38,5
DA:39,3
DA:41,1
DA:45,2
DA:46,5
DA:47,5
DA:49,4
DA:50,2
DA:52,1
DA:56,2
LF:30
LH:30
BRDA:27,0,0,2
BRDA:27,0,1,3
BRDA:38,1,0,2
BRDA:38,1,1,3
BRDA:49,2,0,2
BRDA:49,2,1,2
BRF:6
BRH:6
end_of_record
TN:
SF:models/Product.js
FNF:0
FNH:0
DA:1,2
DA:3,2
DA:9,2
DA:11,2
LF:4
LH:4
BRF:0
BRH:0
end_of_record
TN:
SF:routes/index.js
FNF:0
FNH:0
DA:1,1
DA:3,1
DA:5,1
DA:7,1
DA:8,1
DA:10,1
DA:12,1
DA:14,1
LF:8
LH:8
BRF:0
BRH:0
end_of_record
